2018-06-15 15:14:07.060 INFO - creating container: shipyardgr-snakelab-pool-snake
2018-06-15 15:14:07.189 INFO - creating container: shipyardrf-snakelab-pool-snake
2018-06-15 15:14:07.206 INFO - creating container: shipyardtor-snakelab-pool-snake
2018-06-15 15:14:07.225 INFO - creating container: shipyardremotefs
2018-06-15 15:14:07.238 INFO - creating table: shipyarddht
2018-06-15 15:14:07.492 INFO - creating table: shipyardtorrentinfo
2018-06-15 15:14:07.504 INFO - creating table: shipyardimages
2018-06-15 15:14:07.517 INFO - creating table: shipyardgr
2018-06-15 15:14:07.530 INFO - deleting blobs: shipyardgr-snakelab-pool-snake
2018-06-15 15:14:07.541 INFO - deleting blobs: shipyardrf-snakelab-pool-snake
2018-06-15 15:14:07.552 INFO - deleting blobs: shipyardtor-snakelab-pool-snake
2018-06-15 15:14:07.563 DEBUG - clearing table (pk=snakelab$pool-snake): shipyarddht
2018-06-15 15:14:07.601 DEBUG - clearing table (pk=snakelab$pool-snake): shipyardtorrentinfo
2018-06-15 15:14:07.772 DEBUG - clearing table (pk=snakelab$pool-snake): shipyardimages
2018-06-15 15:14:07.783 DEBUG - clearing table (pk=snakelab$pool-snake): shipyardgr
2018-06-15 15:14:07.846 DEBUG - clearing table (pk=snakelab$pool-snake): shipyardperf
2018-06-15 15:14:07.860 INFO - adding global resource: docker:mesnardo/petibm:0.3.1-GPU-IntelMPI-ubuntu hash=cdc6cb8157ff48817cb6efa87f404c421a3d4601
2018-06-15 15:14:08.060 DEBUG - autoscale enabled: False
2018-06-15 15:14:08.060 DEBUG - no virtual network settings specified
2018-06-15 15:14:09.772 INFO - deploying vm config: {'additional_properties': {}, 'publisher': 'OpenLogic', 'offer': 'CentOS-HPC', 'sku': '7.3', 'version': 'latest', 'virtual_machine_image_id': None}
2018-06-15 15:14:09.785 INFO - uploading file /home/mesnardo/software/batch-shipyard/3.4.0/scripts/registry_login.sh as 'registry_login.sh'
2018-06-15 15:14:09.817 INFO - uploading file /home/mesnardo/software/batch-shipyard/3.4.0/scripts/shipyard_blobxfer.sh as 'shipyard_blobxfer.sh'
2018-06-15 15:14:09.845 INFO - uploading file /home/mesnardo/software/batch-shipyard/3.4.0/scripts/wait_for_images.sh as 'wait_for_images.sh'
2018-06-15 15:14:09.872 INFO - uploading file /tmp/batch-shipyard-3.4.0-resources/azurefile-mount-snakelab-pool-snake.sh as 'azurefile-mount.sh'
2018-06-15 15:14:09.900 INFO - uploading file /tmp/batch-shipyard-3.4.0-resources/nvidia-driver_cc37.run as 'nvidia-driver_cc37.run'
2018-06-15 15:14:12.149 INFO - uploading file /home/mesnardo/software/batch-shipyard/3.4.0/scripts/shipyard_nodeprep.sh as 'shipyard_nodeprep.sh'
2018-06-15 15:14:12.167 INFO - Attempting to create pool: pool-snake
2018-06-15 15:14:13.604 INFO - Created pool: pool-snake
2018-06-15 15:14:13.605 DEBUG - waiting for all nodes in pool pool-snake to reach one of: frozenset({<ComputeNodeState.unusable: 'unusable'>, <ComputeNodeState.preempted: 'preempted'>, <ComputeNodeState.start_task_failed: 'starttaskfailed'>, <ComputeNodeState.idle: 'idle'>})
2018-06-15 15:14:33.899 DEBUG - waiting for 2 dedicated nodes and 0 low priority nodes of size standard_nc24r to reach desired state in pool pool-snake [resize_timeout=0:30:00 allocation_state=resizing allocation_state_transition_time=2018-06-15 19:14:13.439689+00:00]
2018-06-15 15:14:55.480 DEBUG - waiting for 2 dedicated nodes and 0 low priority nodes of size standard_nc24r to reach desired state in pool pool-snake [resize_timeout=0:30:00 allocation_state=resizing allocation_state_transition_time=2018-06-15 19:14:13.439689+00:00]
2018-06-15 15:15:15.666 DEBUG - waiting for 2 dedicated nodes and 0 low priority nodes of size standard_nc24r to reach desired state in pool pool-snake [resize_timeout=0:30:00 allocation_state=resizing allocation_state_transition_time=2018-06-15 19:14:13.439689+00:00]
2018-06-15 15:15:38.711 DEBUG - waiting for 2 dedicated nodes and 0 low priority nodes of size standard_nc24r to reach desired state in pool pool-snake [resize_timeout=0:30:00 allocation_state=resizing allocation_state_transition_time=2018-06-15 19:14:13.439689+00:00]
2018-06-15 15:15:59.021 DEBUG - waiting for 2 dedicated nodes and 0 low priority nodes of size standard_nc24r to reach desired state in pool pool-snake [resize_timeout=0:30:00 allocation_state=resizing allocation_state_transition_time=2018-06-15 19:14:13.439689+00:00]
2018-06-15 15:15:59.021 DEBUG - tvm-676767296_1-20180615t191557z: starting
2018-06-15 15:15:59.021 DEBUG - tvm-676767296_2-20180615t191557z: starting
2018-06-15 15:16:22.030 DEBUG - waiting for 2 dedicated nodes and 0 low priority nodes of size standard_nc24r to reach desired state in pool pool-snake [resize_timeout=0:30:00 allocation_state=steady allocation_state_transition_time=2018-06-15 19:15:59.435914+00:00]
2018-06-15 15:16:22.030 DEBUG - tvm-676767296_1-20180615t191557z: starting
2018-06-15 15:16:22.031 DEBUG - tvm-676767296_2-20180615t191557z: starting
2018-06-15 15:16:44.742 DEBUG - waiting for 2 dedicated nodes and 0 low priority nodes of size standard_nc24r to reach desired state in pool pool-snake [resize_timeout=0:30:00 allocation_state=steady allocation_state_transition_time=2018-06-15 19:15:59.435914+00:00]
2018-06-15 15:16:44.743 DEBUG - tvm-676767296_1-20180615t191557z: starting
2018-06-15 15:16:44.743 DEBUG - tvm-676767296_2-20180615t191557z: starting
2018-06-15 15:17:07.458 DEBUG - waiting for 2 dedicated nodes and 0 low priority nodes of size standard_nc24r to reach desired state in pool pool-snake [resize_timeout=0:30:00 allocation_state=steady allocation_state_transition_time=2018-06-15 19:15:59.435914+00:00]
2018-06-15 15:17:07.458 DEBUG - tvm-676767296_1-20180615t191557z: starting
2018-06-15 15:17:07.458 DEBUG - tvm-676767296_2-20180615t191557z: starting
2018-06-15 15:17:30.579 DEBUG - waiting for 2 dedicated nodes and 0 low priority nodes of size standard_nc24r to reach desired state in pool pool-snake [resize_timeout=0:30:00 allocation_state=steady allocation_state_transition_time=2018-06-15 19:15:59.435914+00:00]
2018-06-15 15:17:30.579 DEBUG - tvm-676767296_1-20180615t191557z: starting
2018-06-15 15:17:30.580 DEBUG - tvm-676767296_2-20180615t191557z: starting
2018-06-15 15:17:51.034 DEBUG - waiting for 2 dedicated nodes and 0 low priority nodes of size standard_nc24r to reach desired state in pool pool-snake [resize_timeout=0:30:00 allocation_state=steady allocation_state_transition_time=2018-06-15 19:15:59.435914+00:00]
2018-06-15 15:17:51.034 DEBUG - tvm-676767296_1-20180615t191557z: starting
2018-06-15 15:17:51.034 DEBUG - tvm-676767296_2-20180615t191557z: starting
2018-06-15 15:18:14.107 DEBUG - waiting for 2 dedicated nodes and 0 low priority nodes of size standard_nc24r to reach desired state in pool pool-snake [resize_timeout=0:30:00 allocation_state=steady allocation_state_transition_time=2018-06-15 19:15:59.435914+00:00]
2018-06-15 15:18:14.107 DEBUG - tvm-676767296_1-20180615t191557z: starting
2018-06-15 15:18:14.107 DEBUG - tvm-676767296_2-20180615t191557z: waitingforstarttask
2018-06-15 15:18:36.583 DEBUG - waiting for 2 dedicated nodes and 0 low priority nodes of size standard_nc24r to reach desired state in pool pool-snake [resize_timeout=0:30:00 allocation_state=steady allocation_state_transition_time=2018-06-15 19:15:59.435914+00:00]
2018-06-15 15:18:36.584 DEBUG - tvm-676767296_1-20180615t191557z: starting
2018-06-15 15:18:36.584 DEBUG - tvm-676767296_2-20180615t191557z: waitingforstarttask
2018-06-15 15:18:59.680 DEBUG - waiting for 2 dedicated nodes and 0 low priority nodes of size standard_nc24r to reach desired state in pool pool-snake [resize_timeout=0:30:00 allocation_state=steady allocation_state_transition_time=2018-06-15 19:15:59.435914+00:00]
2018-06-15 15:18:59.680 DEBUG - tvm-676767296_1-20180615t191557z: starting
2018-06-15 15:18:59.681 DEBUG - tvm-676767296_2-20180615t191557z: waitingforstarttask
2018-06-15 15:19:22.810 DEBUG - waiting for 2 dedicated nodes and 0 low priority nodes of size standard_nc24r to reach desired state in pool pool-snake [resize_timeout=0:30:00 allocation_state=steady allocation_state_transition_time=2018-06-15 19:15:59.435914+00:00]
2018-06-15 15:19:22.810 DEBUG - tvm-676767296_1-20180615t191557z: waitingforstarttask
2018-06-15 15:19:22.810 DEBUG - tvm-676767296_2-20180615t191557z: waitingforstarttask
2018-06-15 15:19:45.716 DEBUG - waiting for 2 dedicated nodes and 0 low priority nodes of size standard_nc24r to reach desired state in pool pool-snake [resize_timeout=0:30:00 allocation_state=steady allocation_state_transition_time=2018-06-15 19:15:59.435914+00:00]
2018-06-15 15:19:45.716 DEBUG - tvm-676767296_1-20180615t191557z: waitingforstarttask
2018-06-15 15:19:45.716 DEBUG - tvm-676767296_2-20180615t191557z: waitingforstarttask
2018-06-15 15:20:08.839 DEBUG - waiting for 2 dedicated nodes and 0 low priority nodes of size standard_nc24r to reach desired state in pool pool-snake [resize_timeout=0:30:00 allocation_state=steady allocation_state_transition_time=2018-06-15 19:15:59.435914+00:00]
2018-06-15 15:20:08.839 DEBUG - tvm-676767296_1-20180615t191557z: waitingforstarttask
2018-06-15 15:20:08.839 DEBUG - tvm-676767296_2-20180615t191557z: waitingforstarttask
2018-06-15 15:20:32.026 DEBUG - waiting for 2 dedicated nodes and 0 low priority nodes of size standard_nc24r to reach desired state in pool pool-snake [resize_timeout=0:30:00 allocation_state=steady allocation_state_transition_time=2018-06-15 19:15:59.435914+00:00]
2018-06-15 15:20:32.026 DEBUG - tvm-676767296_1-20180615t191557z: waitingforstarttask
2018-06-15 15:20:32.027 DEBUG - tvm-676767296_2-20180615t191557z: waitingforstarttask
2018-06-15 15:20:55.081 DEBUG - waiting for 2 dedicated nodes and 0 low priority nodes of size standard_nc24r to reach desired state in pool pool-snake [resize_timeout=0:30:00 allocation_state=steady allocation_state_transition_time=2018-06-15 19:15:59.435914+00:00]
2018-06-15 15:20:55.081 DEBUG - tvm-676767296_1-20180615t191557z: waitingforstarttask
2018-06-15 15:20:55.081 DEBUG - tvm-676767296_2-20180615t191557z: waitingforstarttask
2018-06-15 15:21:17.848 DEBUG - waiting for 2 dedicated nodes and 0 low priority nodes of size standard_nc24r to reach desired state in pool pool-snake [resize_timeout=0:30:00 allocation_state=steady allocation_state_transition_time=2018-06-15 19:15:59.435914+00:00]
2018-06-15 15:21:17.848 DEBUG - tvm-676767296_1-20180615t191557z: waitingforstarttask
2018-06-15 15:21:17.848 DEBUG - tvm-676767296_2-20180615t191557z: waitingforstarttask
2018-06-15 15:21:37.982 DEBUG - waiting for 2 dedicated nodes and 0 low priority nodes of size standard_nc24r to reach desired state in pool pool-snake [resize_timeout=0:30:00 allocation_state=steady allocation_state_transition_time=2018-06-15 19:15:59.435914+00:00]
2018-06-15 15:21:37.982 DEBUG - tvm-676767296_1-20180615t191557z: waitingforstarttask
2018-06-15 15:21:37.982 DEBUG - tvm-676767296_2-20180615t191557z: waitingforstarttask
2018-06-15 15:22:00.646 DEBUG - waiting for 2 dedicated nodes and 0 low priority nodes of size standard_nc24r to reach desired state in pool pool-snake [resize_timeout=0:30:00 allocation_state=steady allocation_state_transition_time=2018-06-15 19:15:59.435914+00:00]
2018-06-15 15:22:00.647 DEBUG - tvm-676767296_1-20180615t191557z: waitingforstarttask
2018-06-15 15:22:00.647 DEBUG - tvm-676767296_2-20180615t191557z: waitingforstarttask
2018-06-15 15:22:23.972 DEBUG - waiting for 2 dedicated nodes and 0 low priority nodes of size standard_nc24r to reach desired state in pool pool-snake [resize_timeout=0:30:00 allocation_state=steady allocation_state_transition_time=2018-06-15 19:15:59.435914+00:00]
2018-06-15 15:22:23.972 DEBUG - tvm-676767296_1-20180615t191557z: waitingforstarttask
2018-06-15 15:22:23.972 DEBUG - tvm-676767296_2-20180615t191557z: waitingforstarttask
2018-06-15 15:22:46.955 DEBUG - waiting for 2 dedicated nodes and 0 low priority nodes of size standard_nc24r to reach desired state in pool pool-snake [resize_timeout=0:30:00 allocation_state=steady allocation_state_transition_time=2018-06-15 19:15:59.435914+00:00]
2018-06-15 15:22:46.955 DEBUG - tvm-676767296_1-20180615t191557z: waitingforstarttask
2018-06-15 15:22:46.956 DEBUG - tvm-676767296_2-20180615t191557z: waitingforstarttask
2018-06-15 15:23:07.910 DEBUG - waiting for 2 dedicated nodes and 0 low priority nodes of size standard_nc24r to reach desired state in pool pool-snake [resize_timeout=0:30:00 allocation_state=steady allocation_state_transition_time=2018-06-15 19:15:59.435914+00:00]
2018-06-15 15:23:07.910 DEBUG - tvm-676767296_1-20180615t191557z: waitingforstarttask
2018-06-15 15:23:07.911 DEBUG - tvm-676767296_2-20180615t191557z: waitingforstarttask
2018-06-15 15:23:27.923 DEBUG - waiting for 2 dedicated nodes and 0 low priority nodes of size standard_nc24r to reach desired state in pool pool-snake [resize_timeout=0:30:00 allocation_state=steady allocation_state_transition_time=2018-06-15 19:15:59.435914+00:00]
2018-06-15 15:23:27.923 DEBUG - tvm-676767296_1-20180615t191557z: waitingforstarttask
2018-06-15 15:23:27.923 DEBUG - tvm-676767296_2-20180615t191557z: waitingforstarttask
2018-06-15 15:23:50.957 DEBUG - waiting for 2 dedicated nodes and 0 low priority nodes of size standard_nc24r to reach desired state in pool pool-snake [resize_timeout=0:30:00 allocation_state=steady allocation_state_transition_time=2018-06-15 19:15:59.435914+00:00]
2018-06-15 15:23:50.957 DEBUG - tvm-676767296_1-20180615t191557z: waitingforstarttask
2018-06-15 15:23:50.957 DEBUG - tvm-676767296_2-20180615t191557z: waitingforstarttask
2018-06-15 15:24:13.276 DEBUG - waiting for 2 dedicated nodes and 0 low priority nodes of size standard_nc24r to reach desired state in pool pool-snake [resize_timeout=0:30:00 allocation_state=steady allocation_state_transition_time=2018-06-15 19:15:59.435914+00:00]
2018-06-15 15:24:13.276 DEBUG - tvm-676767296_1-20180615t191557z: waitingforstarttask
2018-06-15 15:24:13.276 DEBUG - tvm-676767296_2-20180615t191557z: idle
2018-06-15 15:24:34.338 DEBUG - waiting for 2 dedicated nodes and 0 low priority nodes of size standard_nc24r to reach desired state in pool pool-snake [resize_timeout=0:30:00 allocation_state=steady allocation_state_transition_time=2018-06-15 19:15:59.435914+00:00]
2018-06-15 15:24:34.338 DEBUG - tvm-676767296_1-20180615t191557z: waitingforstarttask
2018-06-15 15:24:34.338 DEBUG - tvm-676767296_2-20180615t191557z: idle
2018-06-15 15:24:54.656 DEBUG - waiting for 2 dedicated nodes and 0 low priority nodes of size standard_nc24r to reach desired state in pool pool-snake [resize_timeout=0:30:00 allocation_state=steady allocation_state_transition_time=2018-06-15 19:15:59.435914+00:00]
2018-06-15 15:24:54.656 DEBUG - tvm-676767296_1-20180615t191557z: waitingforstarttask
2018-06-15 15:24:54.656 DEBUG - tvm-676767296_2-20180615t191557z: idle
2018-06-15 15:25:05.032 INFO - statistics summary for pool pool-snake
* Batch Shipyard version: 3.4.0
* Total nodes: 2
  * Dedicated nodes: 2 (100.0% of target)
  * Low Priority nodes: 0 (100.0% of target)
* Node states:
  * creating: 0
  * idle: 2
  * leaving_pool: 0
  * offline: 0
  * preempted: 0
  * rebooting: 0
  * reimaging: 0
  * running: 0
  * start_task_failed: 0
  * starting: 0
  * unknown: 0
  * unusable: 0
  * waiting_for_start_task: 0
* Node uptime:
  * Mean: 0:06:22.327997
  * Min: 0:05:51.313961
  * Max: 0:06:53.342032
* Time taken for node creation to ready:
  * Mean: 0:08:30.337649
  * Min: 0:07:56.594904
  * Max: 0:09:04.080395
* Time taken for last boot startup (includes prep):
  * Mean: 0:05:45.073397
  * Min: 0:05:42.344687
  * Max: 0:05:47.802107
* Running tasks:
  * Sum: 0
  * Mean: 0.0
  * Min: 0
  * Max: 0
* Total tasks run:
  * Sum: 0
  * Mean: 0.0
  * Min: 0
  * Max: 0
* Task scheduling slots:
  * Busy: 0 (0.00% of runnable)
  * Available: 2 (100.00% of runnable)
  * Runnable: 2 (100.00% of total)
  * Total: 2
2018-06-15 15:25:05.714 DEBUG - skipping rdp config for linux pool pool-snake
2018-06-15 15:25:05.714 INFO - generating ssh key pair to path: .
Generating public/private rsa key pair.
Your identification has been saved in id_rsa_shipyard.
Your public key has been saved in id_rsa_shipyard.pub.
The key fingerprint is:
SHA256:Sg3Ip3O7nveCsDvZPUKCOdlEQ2LQYlrYO5TKa3cxx4w mesnardo@phantom
The key's randomart image is:
+---[RSA 2048]----+
|.=oo.            |
|oo*oo.           |
|+= oo.*          |
|o.o .E *         |
|  .Bo * S        |
| o=.+=.o         |
|. ...Boo         |
|    + +o=        |
|    .++o +.      |
+----[SHA256]-----+
2018-06-15 15:25:05.859 INFO - adding user shipyard to node tvm-676767296_1-20180615t191557z in pool pool-snake, expiry=2018-07-15 19:25:05.859747
Datetime with no tzinfo will be considered UTC.
2018-06-15 15:25:09.313 INFO - adding user shipyard to node tvm-676767296_2-20180615t191557z in pool pool-snake, expiry=2018-07-15 19:25:05.859747
Datetime with no tzinfo will be considered UTC.
2018-06-15 15:25:11.109 INFO - node tvm-676767296_1-20180615t191557z: ip 40.121.51.249 port 50001
2018-06-15 15:25:11.196 INFO - node tvm-676767296_2-20180615t191557z: ip 40.121.51.249 port 50000